--------------------------------------------------------------------------------
Release 14.2 Trace  (nt64)
Copyright (c) 1995-2012 Xilinx, Inc.  All rights reserved.

C:\Xilinx\14.2\ISE_DS\ISE\bin\nt64\unwrapped\trce.exe -intstyle ise -v 3 -s 5
-n 3 -fastpaths -xml Key_scheduler.twx Key_scheduler.ncd -o Key_scheduler.twr
Key_scheduler.pcf

Design file:              Key_scheduler.ncd
Physical constraint file: Key_scheduler.pcf
Device,package,speed:     xc3s250e,cp132,-5 (PRODUCTION 1.27 2012-07-09)
Report level:             verbose report

Environment Variable      Effect 
--------------------      ------ 
NONE                      No environment variables were set
--------------------------------------------------------------------------------

INFO:Timing:2698 - No timing constraints found, doing default enumeration.
INFO:Timing:3412 - To improve timing, see the Timing Closure User Guide (UG612).
INFO:Timing:2752 - To get complete path coverage, use the unconstrained paths 
   option. All paths that are not constrained will be reported in the 
   unconstrained paths section(s) of the report.
INFO:Timing:3339 - The clock-to-out numbers in this timing report are based on 
   a 50 Ohm transmission line loading model.  For the details of this model, 
   and for more information on accounting for different loading conditions, 
   please see the device datasheet.
INFO:Timing:3390 - This architecture does not support a default System Jitter 
   value, please add SYSTEM_JITTER constraint to the UCF to modify the Clock 
   Uncertainty calculation.
INFO:Timing:3389 - This architecture does not support 'Discrete Jitter' and 
   'Phase Error' calculations, these terms will be zero in the Clock 
   Uncertainty calculation.  Please make appropriate modification to 
   SYSTEM_JITTER to account for the unsupported Discrete Jitter and Phase 
   Error.



Data Sheet report:
-----------------
All values displayed in nanoseconds (ns)

Clock flag to Pad
------------+------------+------------------+--------+
            | clk (edge) |                  | Clock  |
Destination |   to PAD   |Internal Clock(s) | Phase  |
------------+------------+------------------+--------+
K_0<0>      |    7.753(R)|flag_BUFGP        |   0.000|
K_0<1>      |    7.762(R)|flag_BUFGP        |   0.000|
K_0<2>      |    7.597(R)|flag_BUFGP        |   0.000|
K_0<3>      |    7.638(R)|flag_BUFGP        |   0.000|
K_0<4>      |    7.212(R)|flag_BUFGP        |   0.000|
K_0<5>      |    7.581(R)|flag_BUFGP        |   0.000|
K_0<6>      |    7.126(R)|flag_BUFGP        |   0.000|
K_0<7>      |    6.979(R)|flag_BUFGP        |   0.000|
K_1<0>      |    6.958(R)|flag_BUFGP        |   0.000|
K_1<1>      |    6.459(R)|flag_BUFGP        |   0.000|
K_1<2>      |    6.445(R)|flag_BUFGP        |   0.000|
K_1<3>      |    7.165(R)|flag_BUFGP        |   0.000|
K_1<4>      |    7.525(R)|flag_BUFGP        |   0.000|
K_1<5>      |    7.498(R)|flag_BUFGP        |   0.000|
K_1<6>      |    6.652(R)|flag_BUFGP        |   0.000|
K_1<7>      |    6.918(R)|flag_BUFGP        |   0.000|
K_2<0>      |    6.399(R)|flag_BUFGP        |   0.000|
K_2<1>      |    6.882(R)|flag_BUFGP        |   0.000|
K_2<2>      |    6.950(R)|flag_BUFGP        |   0.000|
K_2<3>      |    6.402(R)|flag_BUFGP        |   0.000|
K_2<4>      |    6.895(R)|flag_BUFGP        |   0.000|
K_2<5>      |    6.877(R)|flag_BUFGP        |   0.000|
K_2<6>      |    6.698(R)|flag_BUFGP        |   0.000|
K_2<7>      |    7.383(R)|flag_BUFGP        |   0.000|
------------+------------+------------------+--------+

Clock to Setup on destination clock flag
---------------+---------+---------+---------+---------+
               | Src:Rise| Src:Fall| Src:Rise| Src:Fall|
Source Clock   |Dest:Rise|Dest:Rise|Dest:Fall|Dest:Fall|
---------------+---------+---------+---------+---------+
flag           |    2.866|         |         |         |
---------------+---------+---------+---------+---------+


Analysis completed Sun Jun 04 14:31:50 2017 
--------------------------------------------------------------------------------

Trace Settings:
-------------------------
Trace Settings 

Peak Memory Usage: 175 MB



