Release 14.2 - xst P.28xd (nt64)
Copyright (c) 1995-2012 Xilinx, Inc.  All rights reserved.
--> Parameter TMPDIR set to xst/projnav.tmp


Total REAL time to Xst completion: 0.00 secs
Total CPU time to Xst completion: 0.30 secs
 
--> Parameter xsthdpdir set to xst


Total REAL time to Xst completion: 0.00 secs
Total CPU time to Xst completion: 0.30 secs
 
--> Reading design: Key_scheduler.prj

TABLE OF CONTENTS
  1) Synthesis Options Summary
  2) HDL Compilation
  3) Design Hierarchy Analysis
  4) HDL Analysis
  5) HDL Synthesis
     5.1) HDL Synthesis Report
  6) Advanced HDL Synthesis
     6.1) Advanced HDL Synthesis Report
  7) Low Level Synthesis
  8) Partition Report
  9) Final Report
	9.1) Device utilization summary
	9.2) Partition Resource Summary
	9.3) TIMING REPORT


=========================================================================
*                      Synthesis Options Summary                        *
=========================================================================
---- Source Parameters
Input File Name                    : "Key_scheduler.prj"
Input Format                       : mixed
Ignore Synthesis Constraint File   : NO

---- Target Parameters
Output File Name                   : "Key_scheduler"
Output Format                      : NGC
Target Device                      : xc3s250e-5-cp132

---- Source Options
Top Module Name                    : Key_scheduler
Automatic FSM Extraction           : YES
FSM Encoding Algorithm             : Auto
Safe Implementation                : No
FSM Style                          : LUT
RAM Extraction                     : Yes
RAM Style                          : Auto
ROM Extraction                     : Yes
Mux Style                          : Auto
Decoder Extraction                 : YES
Priority Encoder Extraction        : Yes
Shift Register Extraction          : YES
Logical Shifter Extraction         : YES
XOR Collapsing                     : YES
ROM Style                          : Auto
Mux Extraction                     : Yes
Resource Sharing                   : YES
Asynchronous To Synchronous        : NO
Multiplier Style                   : Auto
Automatic Register Balancing       : No

---- Target Options
Add IO Buffers                     : YES
Global Maximum Fanout              : 100000
Add Generic Clock Buffer(BUFG)     : 24
Register Duplication               : YES
Slice Packing                      : YES
Optimize Instantiated Primitives   : NO
Use Clock Enable                   : Yes
Use Synchronous Set                : Yes
Use Synchronous Reset              : Yes
Pack IO Registers into IOBs        : Auto
Equivalent register Removal        : YES

---- General Options
Optimization Goal                  : Speed
Optimization Effort                : 1
Keep Hierarchy                     : No
Netlist Hierarchy                  : As_Optimized
RTL Output                         : Yes
Global Optimization                : AllClockNets
Read Cores                         : YES
Write Timing Constraints           : NO
Cross Clock Analysis               : NO
Hierarchy Separator                : /
Bus Delimiter                      : <>
Case Specifier                     : Maintain
Slice Utilization Ratio            : 100
BRAM Utilization Ratio             : 100
Verilog 2001                       : YES
Auto BRAM Packing                  : NO
Slice Utilization Ratio Delta      : 5

=========================================================================


=========================================================================
*                          HDL Compilation                              *
=========================================================================
Compiling verilog file "Key_scheduler.v" in library work
Module <Key_scheduler> compiled
No errors in compilation
Analysis of file <"Key_scheduler.prj"> succeeded.
 

=========================================================================
*                     Design Hierarchy Analysis                         *
=========================================================================
Analyzing hierarchy for module <Key_scheduler> in library <work>.


=========================================================================
*                            HDL Analysis                               *
=========================================================================
Analyzing top module <Key_scheduler>.
	Enabling task <scheduling>.
	Calling function <key_arr>.
Module <Key_scheduler> is correct for synthesis.
 

=========================================================================
*                           HDL Synthesis                               *
=========================================================================

Performing bidirectional port resolution...

Synthesizing Unit <Key_scheduler>.
    Related source file is "Key_scheduler.v".
WARNING:Xst:653 - Signal <key> is used but never assigned. This sourceless signal will be automatically connected to value 00100100010001010011010100110100011110000011101101001100001001001010111001010000011011100101111100101101010110000100110101001100.
    Found 16x8-bit ROM for signal <scheduling/1/key_arr/1/key_arr>.
    Found 8-bit register for signal <K_0>.
    Found 8-bit register for signal <K_1>.
    Found 8-bit register for signal <K_2>.
    Found 7-bit up counter for signal <cnt>.
    Found 1-bit xor2 for signal <K_0$xor0000> created at line 63.
    Found 1-bit xor2 for signal <K_0$xor0001> created at line 63.
    Found 1-bit xor2 for signal <K_0$xor0002> created at line 63.
    Found 1-bit xor2 for signal <K_0$xor0003> created at line 63.
    Found 1-bit xor2 for signal <K_0$xor0004> created at line 63.
    Found 1-bit xor2 for signal <K_0$xor0005> created at line 63.
    Found 1-bit xor2 for signal <K_0$xor0006> created at line 63.
    Summary:
	inferred   1 ROM(s).
	inferred   1 Counter(s).
	inferred  24 D-type flip-flop(s).
	inferred   1 Adder/Subtractor(s).
Unit <Key_scheduler> synthesized.


=========================================================================
HDL Synthesis Report

Macro Statistics
# ROMs                                                 : 1
 16x8-bit ROM                                          : 1
# Adders/Subtractors                                   : 1
 4-bit adder                                           : 1
# Counters                                             : 1
 7-bit up counter                                      : 1
# Registers                                            : 3
 8-bit register                                        : 3
# Xors                                                 : 7
 1-bit xor2                                            : 7

=========================================================================

=========================================================================
*                       Advanced HDL Synthesis                          *
=========================================================================


=========================================================================
Advanced HDL Synthesis Report

Macro Statistics
# ROMs                                                 : 1
 16x8-bit ROM                                          : 1
# Adders/Subtractors                                   : 1
 4-bit adder                                           : 1
# Counters                                             : 1
 7-bit up counter                                      : 1
# Registers                                            : 24
 Flip-Flops                                            : 24
# Xors                                                 : 7
 1-bit xor2                                            : 7

=========================================================================

=========================================================================
*                         Low Level Synthesis                           *
=========================================================================

Optimizing unit <Key_scheduler> ...

Mapping all equations...
Building and optimizing final netlist ...
Found area constraint ratio of 100 (+ 5) on block Key_scheduler, actual ratio is 0.

Final Macro Processing ...

=========================================================================
Final Register Report

Macro Statistics
# Registers                                            : 31
 Flip-Flops                                            : 31

=========================================================================

=========================================================================
*                           Partition Report                            *
=========================================================================

Partition Implementation Status
-------------------------------

  No Partitions were found in this design.

-------------------------------

=========================================================================
*                            Final Report                               *
=========================================================================
Final Results
RTL Top Level Output File Name     : Key_scheduler.ngr
Top Level Output File Name         : Key_scheduler
Output Format                      : NGC
Optimization Goal                  : Speed
Keep Hierarchy                     : No

Design Statistics
# IOs                              : 25

Cell Usage :
# BELS                             : 19
#      LUT2                        : 5
#      LUT3                        : 3
#      LUT4                        : 6
#      LUT4_D                      : 1
#      LUT4_L                      : 3
#      VCC                         : 1
# FlipFlops/Latches                : 31
#      FD                          : 29
#      FDR                         : 2
# Clock Buffers                    : 1
#      BUFGP                       : 1
# IO Buffers                       : 24
#      OBUF                        : 24
=========================================================================

Device utilization summary:
---------------------------

Selected Device : 3s250ecp132-5 

 Number of Slices:                       19  out of   2448     0%  
 Number of Slice Flip Flops:             31  out of   4896     0%  
 Number of 4 input LUTs:                 18  out of   4896     0%  
 Number of IOs:                          25
 Number of bonded IOBs:                  25  out of     92    27%  
 Number of GCLKs:                         1  out of     24     4%  

---------------------------
Partition Resource Summary:
---------------------------

  No Partitions were found in this design.

---------------------------


=========================================================================
TIMING REPORT

NOTE: THESE TIMING NUMBERS ARE ONLY A SYNTHESIS ESTIMATE.
      FOR ACCURATE TIMING INFORMATION PLEASE REFER TO THE TRACE REPORT
      GENERATED AFTER PLACE-and-ROUTE.

Clock Information:
------------------
-----------------------------------+------------------------+-------+
Clock Signal                       | Clock buffer(FF name)  | Load  |
-----------------------------------+------------------------+-------+
flag                               | BUFGP                  | 31    |
-----------------------------------+------------------------+-------+

Asynchronous Control Signals Information:
----------------------------------------
No asynchronous control signals found in this design

Timing Summary:
---------------
Speed Grade: -5

   Minimum period: 3.278ns (Maximum Frequency: 305.064MHz)
   Minimum input arrival time before clock: No path found
   Maximum output required time after clock: 4.063ns
   Maximum combinational path delay: No path found

Timing Detail:
--------------
All values displayed in nanoseconds (ns)

=========================================================================
Timing constraint: Default period analysis for Clock 'flag'
  Clock period: 3.278ns (frequency: 305.064MHz)
  Total number of paths / destination ports: 82 / 32
-------------------------------------------------------------------------
Delay:               3.278ns (Levels of Logic = 2)
  Source:            cnt_2 (FF)
  Destination:       cnt_5 (FF)
  Source Clock:      flag rising
  Destination Clock: flag rising

  Data Path: cnt_2 to cnt_5
                                Gate     Net
    Cell:in->out      fanout   Delay   Delay  Logical Name (Net Name)
    ----------------------------------------  ------------
     FD:C->Q              11   0.514   0.862  cnt_2 (cnt_2)
     LUT4_D:I1->O          2   0.612   0.410  Mcount_cnt_cy<3>11 (Mcount_cnt_cy<3>)
     LUT3:I2->O            1   0.612   0.000  Mcount_cnt_xor<5>11 (Result<5>)
     FD:D                      0.268          cnt_5
    ----------------------------------------
    Total                      3.278ns (2.006ns logic, 1.272ns route)
                                       (61.2% logic, 38.8% route)

=========================================================================
Timing constraint: Default OFFSET OUT AFTER for Clock 'flag'
  Total number of paths / destination ports: 24 / 24
-------------------------------------------------------------------------
Offset:              4.063ns (Levels of Logic = 1)
  Source:            K_0_7 (FF)
  Destination:       K_0<7> (PAD)
  Source Clock:      flag rising

  Data Path: K_0_7 to K_0<7>
                                Gate     Net
    Cell:in->out      fanout   Delay   Delay  Logical Name (Net Name)
    ----------------------------------------  ------------
     FDR:C->Q              2   0.514   0.380  K_0_7 (K_0_7)
     OBUF:I->O                 3.169          K_0_7_OBUF (K_0<7>)
    ----------------------------------------
    Total                      4.063ns (3.683ns logic, 0.380ns route)
                                       (90.6% logic, 9.4% route)

=========================================================================


Total REAL time to Xst completion: 5.00 secs
Total CPU time to Xst completion: 5.60 secs
 
--> 

Total memory usage is 286288 kilobytes

Number of errors   :    0 (   0 filtered)
Number of warnings :    1 (   0 filtered)
Number of infos    :    0 (   0 filtered)

