Release 14.2 - xst P.28xd (nt64)
Copyright (c) 1995-2012 Xilinx, Inc.  All rights reserved.
--> Parameter TMPDIR set to xst/projnav.tmp


Total REAL time to Xst completion: 0.00 secs
Total CPU time to Xst completion: 0.32 secs
 
--> Parameter xsthdpdir set to xst


Total REAL time to Xst completion: 0.00 secs
Total CPU time to Xst completion: 0.32 secs
 
--> Reading design: Main.prj

TABLE OF CONTENTS
  1) Synthesis Options Summary
  2) HDL Compilation
  3) Design Hierarchy Analysis
  4) HDL Analysis
  5) HDL Synthesis
     5.1) HDL Synthesis Report
  6) Advanced HDL Synthesis
     6.1) Advanced HDL Synthesis Report
  7) Low Level Synthesis
  8) Partition Report
  9) Final Report
	9.1) Device utilization summary
	9.2) Partition Resource Summary
	9.3) TIMING REPORT


=========================================================================
*                      Synthesis Options Summary                        *
=========================================================================
---- Source Parameters
Input File Name                    : "Main.prj"
Input Format                       : mixed
Ignore Synthesis Constraint File   : NO

---- Target Parameters
Output File Name                   : "Main"
Output Format                      : NGC
Target Device                      : xc3s250e-5-cp132

---- Source Options
Top Module Name                    : Main
Automatic FSM Extraction           : YES
FSM Encoding Algorithm             : Auto
Safe Implementation                : No
FSM Style                          : LUT
RAM Extraction                     : Yes
RAM Style                          : Auto
ROM Extraction                     : Yes
Mux Style                          : Auto
Decoder Extraction                 : YES
Priority Encoder Extraction        : Yes
Shift Register Extraction          : YES
Logical Shifter Extraction         : YES
XOR Collapsing                     : YES
ROM Style                          : Auto
Mux Extraction                     : Yes
Resource Sharing                   : YES
Asynchronous To Synchronous        : NO
Multiplier Style                   : Auto
Automatic Register Balancing       : No

---- Target Options
Add IO Buffers                     : YES
Global Maximum Fanout              : 100000
Add Generic Clock Buffer(BUFG)     : 24
Register Duplication               : YES
Slice Packing                      : YES
Optimize Instantiated Primitives   : NO
Use Clock Enable                   : Yes
Use Synchronous Set                : Yes
Use Synchronous Reset              : Yes
Pack IO Registers into IOBs        : Auto
Equivalent register Removal        : YES

---- General Options
Optimization Goal                  : Speed
Optimization Effort                : 1
Keep Hierarchy                     : No
Netlist Hierarchy                  : As_Optimized
RTL Output                         : Yes
Global Optimization                : AllClockNets
Read Cores                         : YES
Write Timing Constraints           : NO
Cross Clock Analysis               : NO
Hierarchy Separator                : /
Bus Delimiter                      : <>
Case Specifier                     : Maintain
Slice Utilization Ratio            : 100
BRAM Utilization Ratio             : 100
Verilog 2001                       : YES
Auto BRAM Packing                  : NO
Slice Utilization Ratio Delta      : 5

=========================================================================


=========================================================================
*                          HDL Compilation                              *
=========================================================================
Compiling verilog file "XOR_8.v" in library work
Compiling verilog file "S-BOX.v" in library work
Module <xor_8> compiled
Module <S_BOX> compiled
No errors in compilation
Analysis of file <"Main.prj"> succeeded.
 
Compiling vhdl file "C:/Users/Chaitanya Paikara/Documents/GitHub/BLDC_Motor_FPGA/CRYPTO/Main.vhf" in Library work.
Architecture behavioral of Entity main is up to date.

=========================================================================
*                     Design Hierarchy Analysis                         *
=========================================================================
Analyzing hierarchy for entity <Main> in library <work> (architecture <behavioral>).

Analyzing hierarchy for module <S_BOX> in library <work>.

Analyzing hierarchy for module <xor_8> in library <work>.


=========================================================================
*                            HDL Analysis                               *
=========================================================================
Analyzing Entity <Main> in library <work> (Architecture <behavioral>).
Entity <Main> analyzed. Unit <Main> generated.

Analyzing module <S_BOX> in library <work>.
Module <S_BOX> is correct for synthesis.
 
Analyzing module <xor_8> in library <work>.
Module <xor_8> is correct for synthesis.
 

=========================================================================
*                           HDL Synthesis                               *
=========================================================================

Performing bidirectional port resolution...

Synthesizing Unit <S_BOX>.
    Related source file is "S-BOX.v".
    Found 8-bit register for signal <temp>.
    Summary:
	inferred   8 D-type flip-flop(s).
Unit <S_BOX> synthesized.


Synthesizing Unit <xor_8>.
    Related source file is "XOR_8.v".
    Found 8-bit xor2 for signal <OUTput>.
Unit <xor_8> synthesized.


Synthesizing Unit <Main>.
    Related source file is "C:/Users/Chaitanya Paikara/Documents/GitHub/BLDC_Motor_FPGA/CRYPTO/Main.vhf".
Unit <Main> synthesized.


=========================================================================
HDL Synthesis Report

Macro Statistics
# Registers                                            : 3
 8-bit register                                        : 3
# Xors                                                 : 24
 1-bit xor2                                            : 24

=========================================================================

=========================================================================
*                       Advanced HDL Synthesis                          *
=========================================================================


=========================================================================
Advanced HDL Synthesis Report

Macro Statistics
# Registers                                            : 24
 Flip-Flops                                            : 24
# Xors                                                 : 24
 1-bit xor2                                            : 24

=========================================================================

=========================================================================
*                         Low Level Synthesis                           *
=========================================================================

Optimizing unit <Main> ...

Optimizing unit <S_BOX> ...

Mapping all equations...
Building and optimizing final netlist ...
Found area constraint ratio of 100 (+ 5) on block Main, actual ratio is 24.

Final Macro Processing ...

=========================================================================
Final Register Report

Macro Statistics
# Registers                                            : 24
 Flip-Flops                                            : 24

=========================================================================

=========================================================================
*                           Partition Report                            *
=========================================================================

Partition Implementation Status
-------------------------------

  No Partitions were found in this design.

-------------------------------

=========================================================================
*                            Final Report                               *
=========================================================================
Final Results
RTL Top Level Output File Name     : Main.ngr
Top Level Output File Name         : Main
Output Format                      : NGC
Optimization Goal                  : Speed
Keep Hierarchy                     : No

Design Statistics
# IOs                              : 58

Cell Usage :
# BELS                             : 933
#      LUT2                        : 48
#      LUT3                        : 168
#      LUT4                        : 532
#      MUXF5                       : 185
# FlipFlops/Latches                : 24
#      FDE                         : 24
# Clock Buffers                    : 1
#      BUFGP                       : 1
# IO Buffers                       : 57
#      IBUF                        : 33
#      OBUF                        : 24
=========================================================================

Device utilization summary:
---------------------------

Selected Device : 3s250ecp132-5 

 Number of Slices:                      402  out of   2448    16%  
 Number of Slice Flip Flops:             24  out of   4896     0%  
 Number of 4 input LUTs:                748  out of   4896    15%  
 Number of IOs:                          58
 Number of bonded IOBs:                  58  out of     92    63%  
 Number of GCLKs:                         1  out of     24     4%  

---------------------------
Partition Resource Summary:
---------------------------

  No Partitions were found in this design.

---------------------------


=========================================================================
TIMING REPORT

NOTE: THESE TIMING NUMBERS ARE ONLY A SYNTHESIS ESTIMATE.
      FOR ACCURATE TIMING INFORMATION PLEASE REFER TO THE TRACE REPORT
      GENERATED AFTER PLACE-and-ROUTE.

Clock Information:
------------------
-----------------------------------+------------------------+-------+
Clock Signal                       | Clock buffer(FF name)  | Load  |
-----------------------------------+------------------------+-------+
CLK                                | BUFGP                  | 24    |
-----------------------------------+------------------------+-------+

Asynchronous Control Signals Information:
----------------------------------------
No asynchronous control signals found in this design

Timing Summary:
---------------
Speed Grade: -5

   Minimum period: No path found
   Minimum input arrival time before clock: 8.052ns
   Maximum output required time after clock: 5.161ns
   Maximum combinational path delay: 6.415ns

Timing Detail:
--------------
All values displayed in nanoseconds (ns)

=========================================================================
Timing constraint: Default OFFSET IN BEFORE for Clock 'CLK'
  Total number of paths / destination ports: 3000 / 48
-------------------------------------------------------------------------
Offset:              8.052ns (Levels of Logic = 8)
  Source:            Second_Byte<0> (PAD)
  Destination:       XLXI_3/temp_3 (FF)
  Destination Clock: CLK rising

  Data Path: Second_Byte<0> to XLXI_3/temp_3
                                Gate     Net
    Cell:in->out      fanout   Delay   Delay  Logical Name (Net Name)
    ----------------------------------------  ------------
     IBUF:I->O           131   1.106   1.251  Second_Byte_0_IBUF (Second_Byte_0_IBUF)
     LUT3:I0->O            2   0.612   0.410  XLXI_3/_COND_3<0>231 (XLXI_3/_COND_3<0>_bdd44)
     LUT4:I2->O            1   0.612   0.509  XLXI_3/_COND_3<3>1719 (XLXI_3/_COND_3<3>1719)
     LUT4:I0->O            1   0.612   0.000  XLXI_3/_COND_3<3>1753_G (N361)
     MUXF5:I1->O           1   0.278   0.509  XLXI_3/_COND_3<3>1753 (XLXI_3/_COND_3<3>1753)
     LUT4:I0->O            2   0.612   0.383  XLXI_3/_COND_3<3>1780 (XLXI_3/_COND_3<3>1780)
     LUT4:I3->O            1   0.612   0.000  XLXI_3/_COND_3<3>1812_F (N378)
     MUXF5:I0->O           1   0.278   0.000  XLXI_3/_COND_3<3>1812 (XLXI_3/_COND_3<3>)
     FDE:D                     0.268          XLXI_3/temp_3
    ----------------------------------------
    Total                      8.052ns (4.990ns logic, 3.062ns route)
                                       (62.0% logic, 38.0% route)

=========================================================================
Timing constraint: Default OFFSET OUT AFTER for Clock 'CLK'
  Total number of paths / destination ports: 24 / 24
-------------------------------------------------------------------------
Offset:              5.161ns (Levels of Logic = 2)
  Source:            XLXI_1/temp_7 (FF)
  Destination:       OUT_Byte_2<7> (PAD)
  Source Clock:      CLK rising

  Data Path: XLXI_1/temp_7 to OUT_Byte_2<7>
                                Gate     Net
    Cell:in->out      fanout   Delay   Delay  Logical Name (Net Name)
    ----------------------------------------  ------------
     FDE:C->Q              1   0.514   0.509  XLXI_1/temp_7 (XLXI_1/temp_7)
     LUT2:I0->O            1   0.612   0.357  XLXI_6/Mxor_OUTput<7>_Result1 (OUT_Byte_2_7_OBUF)
     OBUF:I->O                 3.169          OUT_Byte_2_7_OBUF (OUT_Byte_2<7>)
    ----------------------------------------
    Total                      5.161ns (4.295ns logic, 0.866ns route)
                                       (83.2% logic, 16.8% route)

=========================================================================
Timing constraint: Default path analysis
  Total number of paths / destination ports: 24 / 24
-------------------------------------------------------------------------
Delay:               6.415ns (Levels of Logic = 3)
  Source:            Third_Byte<3> (PAD)
  Destination:       OUT_Byte_3<3> (PAD)

  Data Path: Third_Byte<3> to OUT_Byte_3<3>
                                Gate     Net
    Cell:in->out      fanout   Delay   Delay  Logical Name (Net Name)
    ----------------------------------------  ------------
     IBUF:I->O           140   1.106   1.171  Third_Byte_3_IBUF (Third_Byte_3_IBUF)
     LUT2:I1->O            1   0.612   0.357  XLXI_7/Mxor_OUTput<3>_Result1 (OUT_Byte_3_3_OBUF)
     OBUF:I->O                 3.169          OUT_Byte_3_3_OBUF (OUT_Byte_3<3>)
    ----------------------------------------
    Total                      6.415ns (4.887ns logic, 1.528ns route)
                                       (76.2% logic, 23.8% route)

=========================================================================


Total REAL time to Xst completion: 39.00 secs
Total CPU time to Xst completion: 39.25 secs
 
--> 

Total memory usage is 383484 kilobytes

Number of errors   :    0 (   0 filtered)
Number of warnings :    0 (   0 filtered)
Number of infos    :    0 (   0 filtered)

