--------------------------------------------------------------------------------
Release 14.2 Trace  (nt64)
Copyright (c) 1995-2012 Xilinx, Inc.  All rights reserved.

C:\Xilinx\14.2\ISE_DS\ISE\bin\nt64\unwrapped\trce.exe -intstyle ise -v 3 -s 2
-n 3 -fastpaths -xml Rough_S_LUT.twx Rough_S_LUT.ncd -o Rough_S_LUT.twr
Rough_S_LUT.pcf

Design file:              Rough_S_LUT.ncd
Physical constraint file: Rough_S_LUT.pcf
Device,package,speed:     xc5vlx50,ff324,-2 (PRODUCTION 1.73 2012-07-09, STEPPING level 0)
Report level:             verbose report

Environment Variable      Effect 
--------------------      ------ 
NONE                      No environment variables were set
--------------------------------------------------------------------------------

INFO:Timing:2698 - No timing constraints found, doing default enumeration.
INFO:Timing:3412 - To improve timing, see the Timing Closure User Guide (UG612).
INFO:Timing:2752 - To get complete path coverage, use the unconstrained paths 
   option. All paths that are not constrained will be reported in the 
   unconstrained paths section(s) of the report.
INFO:Timing:3339 - The clock-to-out numbers in this timing report are based on 
   a 50 Ohm transmission line loading model.  For the details of this model, 
   and for more information on accounting for different loading conditions, 
   please see the device datasheet.



Data Sheet report:
-----------------
All values displayed in nanoseconds (ns)

Setup/Hold to clock CLK
--------------+------------+------------+------------------+--------+
              |Max Setup to|Max Hold to |                  | Clock  |
Source        | clk (edge) | clk (edge) |Internal Clock(s) | Phase  |
--------------+------------+------------+------------------+--------+
CipherText<0> |    1.165(F)|    0.947(F)|CLK_BUFGP         |   0.000|
CipherText<1> |    0.872(F)|    1.190(F)|CLK_BUFGP         |   0.000|
CipherText<2> |    1.011(F)|    1.262(F)|CLK_BUFGP         |   0.000|
CipherText<3> |    0.878(F)|    1.217(F)|CLK_BUFGP         |   0.000|
CipherText<4> |    0.881(F)|    1.093(F)|CLK_BUFGP         |   0.000|
CipherText<5> |    0.452(F)|    1.480(F)|CLK_BUFGP         |   0.000|
CipherText<6> |    0.621(F)|    1.601(F)|CLK_BUFGP         |   0.000|
CipherText<7> |    0.429(F)|    1.753(F)|CLK_BUFGP         |   0.000|
CipherText<8> |    1.099(R)|    1.719(R)|CLK_BUFGP         |   0.000|
              |    0.493(F)|    1.437(F)|CLK_BUFGP         |   0.000|
CipherText<9> |    1.139(R)|    1.457(R)|CLK_BUFGP         |   0.000|
              |    1.043(F)|    1.378(F)|CLK_BUFGP         |   0.000|
CipherText<10>|    1.153(R)|    1.476(R)|CLK_BUFGP         |   0.000|
              |    0.822(F)|    1.694(F)|CLK_BUFGP         |   0.000|
CipherText<11>|    1.121(R)|    1.318(R)|CLK_BUFGP         |   0.000|
              |    0.872(F)|    1.528(F)|CLK_BUFGP         |   0.000|
CipherText<12>|    0.813(R)|    1.683(R)|CLK_BUFGP         |   0.000|
              |    0.723(F)|    1.156(F)|CLK_BUFGP         |   0.000|
CipherText<13>|    0.965(R)|    1.567(R)|CLK_BUFGP         |   0.000|
              |    1.040(F)|    1.426(F)|CLK_BUFGP         |   0.000|
CipherText<14>|    0.671(R)|    1.868(R)|CLK_BUFGP         |   0.000|
              |    0.367(F)|    1.507(F)|CLK_BUFGP         |   0.000|
CipherText<15>|    0.471(R)|    1.976(R)|CLK_BUFGP         |   0.000|
              |    0.128(F)|    1.696(F)|CLK_BUFGP         |   0.000|
CipherText<16>|    1.411(R)|    0.944(R)|CLK_BUFGP         |   0.000|
              |    0.906(F)|    1.086(F)|CLK_BUFGP         |   0.000|
CipherText<17>|    1.510(R)|    0.853(R)|CLK_BUFGP         |   0.000|
              |    1.133(F)|    1.131(F)|CLK_BUFGP         |   0.000|
CipherText<18>|    2.309(R)|    0.117(R)|CLK_BUFGP         |   0.000|
              |    2.315(F)|   -0.158(F)|CLK_BUFGP         |   0.000|
CipherText<19>|    0.835(R)|    1.474(R)|CLK_BUFGP         |   0.000|
              |    0.584(F)|    1.567(F)|CLK_BUFGP         |   0.000|
CipherText<20>|    0.926(R)|    1.391(R)|CLK_BUFGP         |   0.000|
              |    0.721(F)|    1.404(F)|CLK_BUFGP         |   0.000|
CipherText<21>|    0.649(R)|    1.646(R)|CLK_BUFGP         |   0.000|
              |    0.709(F)|    1.635(F)|CLK_BUFGP         |   0.000|
CipherText<22>|    0.905(R)|    1.409(R)|CLK_BUFGP         |   0.000|
              |    0.384(F)|    1.522(F)|CLK_BUFGP         |   0.000|
CipherText<23>|    0.855(R)|    1.455(R)|CLK_BUFGP         |   0.000|
              |    0.472(F)|    1.581(F)|CLK_BUFGP         |   0.000|
CipherText<24>|    0.710(R)|    1.573(R)|CLK_BUFGP         |   0.000|
              |    0.785(F)|    1.418(F)|CLK_BUFGP         |   0.000|
CipherText<25>|    0.987(R)|    1.319(R)|CLK_BUFGP         |   0.000|
              |    0.797(F)|    1.380(F)|CLK_BUFGP         |   0.000|
CipherText<26>|    0.681(R)|    1.601(R)|CLK_BUFGP         |   0.000|
              |    0.416(F)|    1.610(F)|CLK_BUFGP         |   0.000|
CipherText<27>|    1.066(R)|    1.247(R)|CLK_BUFGP         |   0.000|
              |    0.973(F)|    1.263(F)|CLK_BUFGP         |   0.000|
CipherText<28>|    0.161(R)|    2.081(R)|CLK_BUFGP         |   0.000|
              |    0.098(F)|    1.802(F)|CLK_BUFGP         |   0.000|
CipherText<29>|    0.667(R)|    1.615(R)|CLK_BUFGP         |   0.000|
              |    0.737(F)|    1.223(F)|CLK_BUFGP         |   0.000|
CipherText<30>|    0.723(R)|    1.563(R)|CLK_BUFGP         |   0.000|
              |    0.662(F)|    1.189(F)|CLK_BUFGP         |   0.000|
CipherText<31>|    0.714(R)|    1.572(R)|CLK_BUFGP         |   0.000|
              |    0.663(F)|    1.264(F)|CLK_BUFGP         |   0.000|
GLOBAL_EN     |    0.894(R)|    2.131(R)|CLK_BUFGP         |   0.000|
--------------+------------+------------+------------------+--------+

Clock CLK to Pad
------------+------------+------------------+--------+
            | clk (edge) |                  | Clock  |
Destination |   to PAD   |Internal Clock(s) | Phase  |
------------+------------+------------------+--------+
EN          |    9.082(R)|CLK_BUFGP         |   0.000|
K_1<0>      |    7.873(R)|CLK_BUFGP         |   0.000|
K_1<1>      |    7.988(R)|CLK_BUFGP         |   0.000|
K_1<2>      |    8.712(R)|CLK_BUFGP         |   0.000|
K_1<3>      |    8.010(R)|CLK_BUFGP         |   0.000|
K_1<4>      |    8.076(R)|CLK_BUFGP         |   0.000|
K_1<5>      |    8.086(R)|CLK_BUFGP         |   0.000|
K_1<6>      |    8.405(R)|CLK_BUFGP         |   0.000|
K_1<7>      |    8.118(R)|CLK_BUFGP         |   0.000|
K_2<0>      |    7.872(R)|CLK_BUFGP         |   0.000|
K_2<1>      |    7.760(R)|CLK_BUFGP         |   0.000|
K_2<2>      |    7.926(R)|CLK_BUFGP         |   0.000|
K_2<3>      |    8.690(R)|CLK_BUFGP         |   0.000|
K_2<4>      |    7.580(R)|CLK_BUFGP         |   0.000|
K_2<5>      |    7.703(R)|CLK_BUFGP         |   0.000|
K_2<6>      |    7.633(R)|CLK_BUFGP         |   0.000|
K_2<7>      |    8.703(R)|CLK_BUFGP         |   0.000|
K_3<0>      |    8.407(R)|CLK_BUFGP         |   0.000|
K_3<1>      |    8.115(R)|CLK_BUFGP         |   0.000|
K_3<2>      |    8.166(R)|CLK_BUFGP         |   0.000|
K_3<3>      |    7.997(R)|CLK_BUFGP         |   0.000|
K_3<4>      |    8.308(R)|CLK_BUFGP         |   0.000|
K_3<5>      |    7.806(R)|CLK_BUFGP         |   0.000|
K_3<6>      |    8.458(R)|CLK_BUFGP         |   0.000|
K_3<7>      |    8.349(R)|CLK_BUFGP         |   0.000|
OUT1<0>     |    9.113(R)|CLK_BUFGP         |   0.000|
            |    8.774(F)|CLK_BUFGP         |   0.000|
OUT1<1>     |    9.163(R)|CLK_BUFGP         |   0.000|
            |    9.381(F)|CLK_BUFGP         |   0.000|
OUT1<2>     |    9.325(R)|CLK_BUFGP         |   0.000|
            |    9.003(F)|CLK_BUFGP         |   0.000|
OUT1<3>     |    8.852(R)|CLK_BUFGP         |   0.000|
            |    8.872(F)|CLK_BUFGP         |   0.000|
OUT1<4>     |    8.822(R)|CLK_BUFGP         |   0.000|
            |    8.586(F)|CLK_BUFGP         |   0.000|
OUT1<5>     |    9.045(R)|CLK_BUFGP         |   0.000|
            |    9.044(F)|CLK_BUFGP         |   0.000|
OUT1<6>     |    9.136(R)|CLK_BUFGP         |   0.000|
            |    8.978(F)|CLK_BUFGP         |   0.000|
OUT1<7>     |    9.068(R)|CLK_BUFGP         |   0.000|
            |    9.017(F)|CLK_BUFGP         |   0.000|
OUT2<0>     |    9.057(R)|CLK_BUFGP         |   0.000|
            |    9.322(F)|CLK_BUFGP         |   0.000|
OUT2<1>     |    9.093(R)|CLK_BUFGP         |   0.000|
            |    9.241(F)|CLK_BUFGP         |   0.000|
OUT2<2>     |    8.850(R)|CLK_BUFGP         |   0.000|
            |    8.815(F)|CLK_BUFGP         |   0.000|
OUT2<3>     |    8.885(R)|CLK_BUFGP         |   0.000|
            |    8.670(F)|CLK_BUFGP         |   0.000|
OUT2<4>     |    8.940(R)|CLK_BUFGP         |   0.000|
            |    8.954(F)|CLK_BUFGP         |   0.000|
OUT2<5>     |    8.785(R)|CLK_BUFGP         |   0.000|
            |    8.740(F)|CLK_BUFGP         |   0.000|
OUT2<6>     |    8.650(R)|CLK_BUFGP         |   0.000|
            |    8.623(F)|CLK_BUFGP         |   0.000|
OUT2<7>     |    8.954(R)|CLK_BUFGP         |   0.000|
            |    8.896(F)|CLK_BUFGP         |   0.000|
OUT3<0>     |    8.420(R)|CLK_BUFGP         |   0.000|
            |    8.580(F)|CLK_BUFGP         |   0.000|
OUT3<1>     |    8.421(R)|CLK_BUFGP         |   0.000|
            |    8.959(F)|CLK_BUFGP         |   0.000|
OUT3<2>     |    8.387(R)|CLK_BUFGP         |   0.000|
            |    8.775(F)|CLK_BUFGP         |   0.000|
OUT3<3>     |    8.511(R)|CLK_BUFGP         |   0.000|
            |    8.963(F)|CLK_BUFGP         |   0.000|
OUT3<4>     |    8.393(R)|CLK_BUFGP         |   0.000|
            |    8.398(F)|CLK_BUFGP         |   0.000|
OUT3<5>     |    9.058(R)|CLK_BUFGP         |   0.000|
            |    8.802(F)|CLK_BUFGP         |   0.000|
OUT3<6>     |    8.501(R)|CLK_BUFGP         |   0.000|
            |    8.875(F)|CLK_BUFGP         |   0.000|
OUT3<7>     |    8.673(R)|CLK_BUFGP         |   0.000|
            |    8.912(F)|CLK_BUFGP         |   0.000|
OUT4<0>     |    9.509(R)|CLK_BUFGP         |   0.000|
            |    9.153(F)|CLK_BUFGP         |   0.000|
OUT4<1>     |    9.457(R)|CLK_BUFGP         |   0.000|
            |    9.286(F)|CLK_BUFGP         |   0.000|
OUT4<2>     |    9.254(R)|CLK_BUFGP         |   0.000|
            |    9.277(F)|CLK_BUFGP         |   0.000|
OUT4<3>     |    9.106(R)|CLK_BUFGP         |   0.000|
            |    9.446(F)|CLK_BUFGP         |   0.000|
OUT4<4>     |    8.617(R)|CLK_BUFGP         |   0.000|
            |    9.003(F)|CLK_BUFGP         |   0.000|
OUT4<5>     |    8.771(R)|CLK_BUFGP         |   0.000|
            |    8.805(F)|CLK_BUFGP         |   0.000|
OUT4<6>     |    8.987(R)|CLK_BUFGP         |   0.000|
            |    8.967(F)|CLK_BUFGP         |   0.000|
OUT4<7>     |    9.005(R)|CLK_BUFGP         |   0.000|
            |    9.090(F)|CLK_BUFGP         |   0.000|
OUT_1<0>    |    9.437(R)|CLK_BUFGP         |   0.000|
            |    9.334(F)|CLK_BUFGP         |   0.000|
OUT_1<1>    |    9.737(R)|CLK_BUFGP         |   0.000|
            |    9.533(F)|CLK_BUFGP         |   0.000|
OUT_1<2>    |    9.403(R)|CLK_BUFGP         |   0.000|
            |    9.228(F)|CLK_BUFGP         |   0.000|
OUT_1<3>    |    9.692(R)|CLK_BUFGP         |   0.000|
            |    9.658(F)|CLK_BUFGP         |   0.000|
OUT_1<4>    |    9.654(R)|CLK_BUFGP         |   0.000|
            |    9.469(F)|CLK_BUFGP         |   0.000|
OUT_1<5>    |    9.416(R)|CLK_BUFGP         |   0.000|
            |    9.143(F)|CLK_BUFGP         |   0.000|
OUT_1<6>    |    9.374(R)|CLK_BUFGP         |   0.000|
            |    9.125(F)|CLK_BUFGP         |   0.000|
OUT_1<7>    |    9.521(R)|CLK_BUFGP         |   0.000|
            |    9.120(F)|CLK_BUFGP         |   0.000|
OUT_2<0>    |    8.826(R)|CLK_BUFGP         |   0.000|
            |    9.339(F)|CLK_BUFGP         |   0.000|
OUT_2<1>    |    8.947(R)|CLK_BUFGP         |   0.000|
            |    9.307(F)|CLK_BUFGP         |   0.000|
OUT_2<2>    |    8.509(R)|CLK_BUFGP         |   0.000|
            |    9.065(F)|CLK_BUFGP         |   0.000|
OUT_2<3>    |    9.036(R)|CLK_BUFGP         |   0.000|
            |    9.162(F)|CLK_BUFGP         |   0.000|
OUT_2<4>    |    9.663(R)|CLK_BUFGP         |   0.000|
            |    9.640(F)|CLK_BUFGP         |   0.000|
OUT_2<5>    |   10.435(R)|CLK_BUFGP         |   0.000|
            |   10.025(F)|CLK_BUFGP         |   0.000|
OUT_2<6>    |    9.098(R)|CLK_BUFGP         |   0.000|
            |    9.322(F)|CLK_BUFGP         |   0.000|
OUT_2<7>    |    8.991(R)|CLK_BUFGP         |   0.000|
            |    9.192(F)|CLK_BUFGP         |   0.000|
OUT_3<0>    |    9.028(R)|CLK_BUFGP         |   0.000|
            |    9.059(F)|CLK_BUFGP         |   0.000|
OUT_3<1>    |    8.850(R)|CLK_BUFGP         |   0.000|
            |    9.266(F)|CLK_BUFGP         |   0.000|
OUT_3<2>    |    8.986(R)|CLK_BUFGP         |   0.000|
            |    9.487(F)|CLK_BUFGP         |   0.000|
OUT_3<3>    |    9.346(R)|CLK_BUFGP         |   0.000|
            |    9.808(F)|CLK_BUFGP         |   0.000|
OUT_3<4>    |    9.970(R)|CLK_BUFGP         |   0.000|
            |    9.737(F)|CLK_BUFGP         |   0.000|
OUT_3<5>    |   10.024(R)|CLK_BUFGP         |   0.000|
            |    9.377(F)|CLK_BUFGP         |   0.000|
OUT_3<6>    |    9.248(R)|CLK_BUFGP         |   0.000|
            |    9.438(F)|CLK_BUFGP         |   0.000|
OUT_3<7>    |    9.402(R)|CLK_BUFGP         |   0.000|
            |    9.760(F)|CLK_BUFGP         |   0.000|
OUT_4<0>    |    9.876(R)|CLK_BUFGP         |   0.000|
            |    9.112(F)|CLK_BUFGP         |   0.000|
OUT_4<1>    |    9.345(R)|CLK_BUFGP         |   0.000|
            |    8.880(F)|CLK_BUFGP         |   0.000|
OUT_4<2>    |    9.861(R)|CLK_BUFGP         |   0.000|
            |    9.178(F)|CLK_BUFGP         |   0.000|
OUT_4<3>    |    9.473(R)|CLK_BUFGP         |   0.000|
            |    9.160(F)|CLK_BUFGP         |   0.000|
OUT_4<4>    |    9.685(R)|CLK_BUFGP         |   0.000|
            |    9.130(F)|CLK_BUFGP         |   0.000|
OUT_4<5>    |    9.575(R)|CLK_BUFGP         |   0.000|
            |    9.064(F)|CLK_BUFGP         |   0.000|
OUT_4<6>    |    9.614(R)|CLK_BUFGP         |   0.000|
            |    9.175(F)|CLK_BUFGP         |   0.000|
OUT_4<7>    |    9.528(R)|CLK_BUFGP         |   0.000|
            |    8.744(F)|CLK_BUFGP         |   0.000|
Sel         |    9.225(R)|CLK_BUFGP         |   0.000|
------------+------------+------------------+--------+

Clock to Setup on destination clock CLK
---------------+---------+---------+---------+---------+
               | Src:Rise| Src:Fall| Src:Rise| Src:Fall|
Source Clock   |Dest:Rise|Dest:Rise|Dest:Fall|Dest:Fall|
---------------+---------+---------+---------+---------+
CLK            |    2.647|    2.643|    2.673|    2.557|
---------------+---------+---------+---------+---------+

Pad to Pad
---------------+---------------+---------+
Source Pad     |Destination Pad|  Delay  |
---------------+---------------+---------+
CipherText<0>  |OUT4<0>        |    6.812|
CipherText<1>  |OUT4<1>        |    6.902|
CipherText<2>  |OUT4<2>        |    6.847|
CipherText<3>  |OUT4<3>        |    6.711|
CipherText<4>  |OUT4<4>        |    5.962|
CipherText<5>  |OUT4<5>        |    5.414|
CipherText<6>  |OUT4<6>        |    6.101|
CipherText<7>  |OUT4<7>        |    5.683|
CipherText<8>  |OUT3<0>        |    5.854|
CipherText<9>  |OUT3<1>        |    6.323|
CipherText<10> |OUT3<2>        |    5.865|
CipherText<11> |OUT3<3>        |    6.112|
CipherText<12> |OUT3<4>        |    5.729|
CipherText<13> |OUT3<5>        |    6.356|
CipherText<14> |OUT3<6>        |    5.707|
CipherText<15> |OUT3<7>        |    5.459|
CipherText<16> |OUT2<0>        |    6.573|
CipherText<17> |OUT2<1>        |    6.676|
CipherText<18> |OUT2<2>        |    7.706|
CipherText<19> |OUT2<3>        |    5.944|
CipherText<20> |OUT2<4>        |    5.921|
CipherText<21> |OUT2<5>        |    5.833|
CipherText<22> |OUT2<6>        |    5.647|
CipherText<23> |OUT2<7>        |    5.793|
CipherText<24> |OUT1<0>        |    5.954|
CipherText<25> |OUT1<1>        |    6.631|
CipherText<26> |OUT1<2>        |    6.123|
CipherText<27> |OUT1<3>        |    6.146|
CipherText<28> |OUT1<4>        |    5.346|
CipherText<29> |OUT1<5>        |    5.849|
CipherText<30> |OUT1<6>        |    6.292|
CipherText<31> |OUT1<7>        |    6.122|
---------------+---------------+---------+


Analysis completed Tue Aug 29 17:27:32 2017 
--------------------------------------------------------------------------------

Trace Settings:
-------------------------
Trace Settings 

Peak Memory Usage: 371 MB



