--------------------------------------------------------------------------------
Release 14.2 Trace  (nt64)
Copyright (c) 1995-2012 Xilinx, Inc.  All rights reserved.

C:\Xilinx\14.2\ISE_DS\ISE\bin\nt64\unwrapped\trce.exe -intstyle ise -v 3 -s 5
-n 3 -fastpaths -xml S_BOX.twx S_BOX.ncd -o S_BOX.twr S_BOX.pcf

Design file:              S_BOX.ncd
Physical constraint file: S_BOX.pcf
Device,package,speed:     xc3s250e,cp132,-5 (PRODUCTION 1.27 2012-07-09)
Report level:             verbose report

Environment Variable      Effect 
--------------------      ------ 
NONE                      No environment variables were set
--------------------------------------------------------------------------------

INFO:Timing:2698 - No timing constraints found, doing default enumeration.
INFO:Timing:3412 - To improve timing, see the Timing Closure User Guide (UG612).
INFO:Timing:2752 - To get complete path coverage, use the unconstrained paths 
   option. All paths that are not constrained will be reported in the 
   unconstrained paths section(s) of the report.
INFO:Timing:3339 - The clock-to-out numbers in this timing report are based on 
   a 50 Ohm transmission line loading model.  For the details of this model, 
   and for more information on accounting for different loading conditions, 
   please see the device datasheet.
INFO:Timing:3390 - This architecture does not support a default System Jitter 
   value, please add SYSTEM_JITTER constraint to the UCF to modify the Clock 
   Uncertainty calculation.
INFO:Timing:3389 - This architecture does not support 'Discrete Jitter' and 
   'Phase Error' calculations, these terms will be zero in the Clock 
   Uncertainty calculation.  Please make appropriate modification to 
   SYSTEM_JITTER to account for the unsupported Discrete Jitter and Phase 
   Error.



Data Sheet report:
-----------------
All values displayed in nanoseconds (ns)

Setup/Hold to clock CLK
------------+------------+------------+------------------+--------+
            |Max Setup to|Max Hold to |                  | Clock  |
Source      | clk (edge) | clk (edge) |Internal Clock(s) | Phase  |
------------+------------+------------+------------------+--------+
en          |    0.550(R)|    0.929(R)|CLK_BUFGP         |   0.000|
sel<0>      |    9.824(R)|   -1.076(R)|CLK_BUFGP         |   0.000|
sel<1>      |    4.156(R)|   -0.287(R)|CLK_BUFGP         |   0.000|
sel<2>      |   11.536(R)|   -1.196(R)|CLK_BUFGP         |   0.000|
sel<3>      |   10.440(R)|   -1.129(R)|CLK_BUFGP         |   0.000|
sel<4>      |    5.990(R)|   -0.801(R)|CLK_BUFGP         |   0.000|
sel<5>      |    9.174(R)|   -0.802(R)|CLK_BUFGP         |   0.000|
sel<6>      |    8.421(R)|   -0.847(R)|CLK_BUFGP         |   0.000|
sel<7>      |    8.866(R)|   -1.623(R)|CLK_BUFGP         |   0.000|
------------+------------+------------+------------------+--------+

Clock CLK to Pad
------------+------------+------------------+--------+
            | clk (edge) |                  | Clock  |
Destination |   to PAD   |Internal Clock(s) | Phase  |
------------+------------+------------------+--------+
data<0>     |    5.538(R)|CLK_BUFGP         |   0.000|
data<1>     |    5.550(R)|CLK_BUFGP         |   0.000|
data<2>     |    5.550(R)|CLK_BUFGP         |   0.000|
data<3>     |    5.538(R)|CLK_BUFGP         |   0.000|
data<4>     |    5.538(R)|CLK_BUFGP         |   0.000|
data<5>     |    5.536(R)|CLK_BUFGP         |   0.000|
data<6>     |    5.537(R)|CLK_BUFGP         |   0.000|
data<7>     |    5.536(R)|CLK_BUFGP         |   0.000|
------------+------------+------------------+--------+


Analysis completed Mon Jun 05 17:46:37 2017 
--------------------------------------------------------------------------------

Trace Settings:
-------------------------
Trace Settings 

Peak Memory Usage: 175 MB



