--------------------------------------------------------------------------------
Release 14.2 Trace  (nt64)
Copyright (c) 1995-2012 Xilinx, Inc.  All rights reserved.

C:\Xilinx\14.2\ISE_DS\ISE\bin\nt64\unwrapped\trce.exe -intstyle ise -v 3 -s 5
-n 3 -fastpaths -xml S_BOX_LUT_DY.twx S_BOX_LUT_DY.ncd -o S_BOX_LUT_DY.twr
S_BOX_LUT_DY.pcf

Design file:              S_BOX_LUT_DY.ncd
Physical constraint file: S_BOX_LUT_DY.pcf
Device,package,speed:     xc3s250e,cp132,-5 (PRODUCTION 1.27 2012-07-09)
Report level:             verbose report

Environment Variable      Effect 
--------------------      ------ 
NONE                      No environment variables were set
--------------------------------------------------------------------------------

INFO:Timing:2698 - No timing constraints found, doing default enumeration.
INFO:Timing:3412 - To improve timing, see the Timing Closure User Guide (UG612).
INFO:Timing:2752 - To get complete path coverage, use the unconstrained paths 
   option. All paths that are not constrained will be reported in the 
   unconstrained paths section(s) of the report.
INFO:Timing:3339 - The clock-to-out numbers in this timing report are based on 
   a 50 Ohm transmission line loading model.  For the details of this model, 
   and for more information on accounting for different loading conditions, 
   please see the device datasheet.
INFO:Timing:3390 - This architecture does not support a default System Jitter 
   value, please add SYSTEM_JITTER constraint to the UCF to modify the Clock 
   Uncertainty calculation.
INFO:Timing:3389 - This architecture does not support 'Discrete Jitter' and 
   'Phase Error' calculations, these terms will be zero in the Clock 
   Uncertainty calculation.  Please make appropriate modification to 
   SYSTEM_JITTER to account for the unsupported Discrete Jitter and Phase 
   Error.



Data Sheet report:
-----------------
All values displayed in nanoseconds (ns)

Setup/Hold to clock en
------------+------------+------------+------------------+--------+
            |Max Setup to|Max Hold to |                  | Clock  |
Source      | clk (edge) | clk (edge) |Internal Clock(s) | Phase  |
------------+------------+------------+------------------+--------+
sel<0>      |    4.074(F)|   -0.850(F)|en_BUFGP          |   0.000|
sel<1>      |    4.789(F)|   -1.066(F)|en_BUFGP          |   0.000|
sel<2>      |    4.542(F)|   -0.836(F)|en_BUFGP          |   0.000|
sel<3>      |    4.330(F)|   -0.872(F)|en_BUFGP          |   0.000|
sel<4>      |    4.513(F)|   -0.644(F)|en_BUFGP          |   0.000|
sel<5>      |    3.920(F)|   -0.126(F)|en_BUFGP          |   0.000|
sel<6>      |    4.163(F)|    0.124(F)|en_BUFGP          |   0.000|
sel<7>      |    3.787(F)|   -0.394(F)|en_BUFGP          |   0.000|
------------+------------+------------+------------------+--------+

Clock en to Pad
------------+------------+------------------+--------+
            | clk (edge) |                  | Clock  |
Destination |   to PAD   |Internal Clock(s) | Phase  |
------------+------------+------------------+--------+
data<0>     |    5.571(F)|en_BUFGP          |   0.000|
data<1>     |    5.571(F)|en_BUFGP          |   0.000|
data<2>     |    5.551(F)|en_BUFGP          |   0.000|
data<3>     |    5.563(F)|en_BUFGP          |   0.000|
data<4>     |    5.550(F)|en_BUFGP          |   0.000|
data<5>     |    5.551(F)|en_BUFGP          |   0.000|
data<6>     |    5.551(F)|en_BUFGP          |   0.000|
data<7>     |    5.549(F)|en_BUFGP          |   0.000|
------------+------------+------------------+--------+


Analysis completed Sun Jun 11 17:48:02 2017 
--------------------------------------------------------------------------------

Trace Settings:
-------------------------
Trace Settings 

Peak Memory Usage: 175 MB



