Release 14.2 - xst P.28xd (nt64)
Copyright (c) 1995-2012 Xilinx, Inc.  All rights reserved.
--> Parameter TMPDIR set to xst/projnav.tmp


Total REAL time to Xst completion: 0.00 secs
Total CPU time to Xst completion: 0.12 secs
 
--> Parameter xsthdpdir set to xst


Total REAL time to Xst completion: 0.00 secs
Total CPU time to Xst completion: 0.12 secs
 
--> Reading design: Neeeeew.prj

TABLE OF CONTENTS
  1) Synthesis Options Summary
  2) HDL Compilation
  3) Design Hierarchy Analysis
  4) HDL Analysis
  5) HDL Synthesis
     5.1) HDL Synthesis Report
  6) Advanced HDL Synthesis
     6.1) Advanced HDL Synthesis Report
  7) Low Level Synthesis
  8) Partition Report
  9) Final Report
	9.1) Device utilization summary
	9.2) Partition Resource Summary
	9.3) TIMING REPORT


=========================================================================
*                      Synthesis Options Summary                        *
=========================================================================
---- Source Parameters
Input File Name                    : "Neeeeew.prj"
Input Format                       : mixed
Ignore Synthesis Constraint File   : NO

---- Target Parameters
Output File Name                   : "Neeeeew"
Output Format                      : NGC
Target Device                      : xc3s250e-5-cp132

---- Source Options
Top Module Name                    : Neeeeew
Automatic FSM Extraction           : YES
FSM Encoding Algorithm             : Auto
Safe Implementation                : No
FSM Style                          : LUT
RAM Extraction                     : Yes
RAM Style                          : Auto
ROM Extraction                     : Yes
Mux Style                          : Auto
Decoder Extraction                 : YES
Priority Encoder Extraction        : Yes
Shift Register Extraction          : YES
Logical Shifter Extraction         : YES
XOR Collapsing                     : YES
ROM Style                          : Auto
Mux Extraction                     : Yes
Resource Sharing                   : YES
Asynchronous To Synchronous        : NO
Multiplier Style                   : Auto
Automatic Register Balancing       : No

---- Target Options
Add IO Buffers                     : YES
Global Maximum Fanout              : 100000
Add Generic Clock Buffer(BUFG)     : 24
Register Duplication               : YES
Slice Packing                      : YES
Optimize Instantiated Primitives   : NO
Use Clock Enable                   : Yes
Use Synchronous Set                : Yes
Use Synchronous Reset              : Yes
Pack IO Registers into IOBs        : Auto
Equivalent register Removal        : YES

---- General Options
Optimization Goal                  : Speed
Optimization Effort                : 1
Keep Hierarchy                     : No
Netlist Hierarchy                  : As_Optimized
RTL Output                         : Yes
Global Optimization                : AllClockNets
Read Cores                         : YES
Write Timing Constraints           : NO
Cross Clock Analysis               : NO
Hierarchy Separator                : /
Bus Delimiter                      : <>
Case Specifier                     : Maintain
Slice Utilization Ratio            : 100
BRAM Utilization Ratio             : 100
Verilog 2001                       : YES
Auto BRAM Packing                  : NO
Slice Utilization Ratio Delta      : 5

=========================================================================


=========================================================================
*                          HDL Compilation                              *
=========================================================================
Compiling verilog file "Digital_Filter.vf" in library work
Module <FJKC_MXILINX_Digital_Filter> compiled
Compiling verilog file "transmitter.v" in library work
Module <Digital_Filter> compiled
Compiling verilog file "Sync_Reciver.v" in library work
Module <Transmitter_Baud> compiled
Compiling verilog file "Neeeeew.v" in library work
Module <Sync_Reciver> compiled
Module <Neeeeew> compiled
No errors in compilation
Analysis of file <"Neeeeew.prj"> succeeded.
 

=========================================================================
*                     Design Hierarchy Analysis                         *
=========================================================================
Analyzing hierarchy for module <Neeeeew> in library <work>.

Analyzing hierarchy for module <Sync_Reciver> in library <work>.

Analyzing hierarchy for module <Transmitter_Baud> in library <work>.

Analyzing hierarchy for module <Digital_Filter> in library <work>.

Analyzing hierarchy for module <FJKC_MXILINX_Digital_Filter> in library <work> with parameters.
	INIT = "0"


=========================================================================
*                            HDL Analysis                               *
=========================================================================
Analyzing top module <Neeeeew>.
Module <Neeeeew> is correct for synthesis.
 
Analyzing module <Sync_Reciver> in library <work>.
Module <Sync_Reciver> is correct for synthesis.
 
Analyzing module <Digital_Filter> in library <work>.
Module <Digital_Filter> is correct for synthesis.
 
    Set user-defined property "INIT =  0" for instance <XLXI_1> in unit <Digital_Filter>.
    Set user-defined property "INIT =  0" for instance <XLXI_2> in unit <Digital_Filter>.
    Set user-defined property "INIT =  0" for instance <XLXI_3> in unit <Digital_Filter>.
    Set user-defined property "INIT =  0" for instance <XLXI_4> in unit <Digital_Filter>.
    Set user-defined property "HU_SET =  XLXI_11_0" for instance <XLXI_11> in unit <Digital_Filter>.
Analyzing module <FJKC_MXILINX_Digital_Filter> in library <work>.
	INIT = 1'b0
Module <FJKC_MXILINX_Digital_Filter> is correct for synthesis.
 
    Set user-defined property "INIT =  0" for instance <I_36_32> in unit <FJKC_MXILINX_Digital_Filter>.
    Set user-defined property "RLOC =  X0Y0" for instance <I_36_32> in unit <FJKC_MXILINX_Digital_Filter>.
Analyzing module <Transmitter_Baud> in library <work>.
Module <Transmitter_Baud> is correct for synthesis.
 

=========================================================================
*                           HDL Synthesis                               *
=========================================================================

Performing bidirectional port resolution...

Synthesizing Unit <Transmitter_Baud>.
    Related source file is "transmitter.v".
    Found 1-bit register for signal <CLK_Baud>.
    Found 1-bit register for signal <CLK_Baud_O>.
    Found 1-bit register for signal <CLR_Flag>.
    Found 1-bit register for signal <CLR_Flag_O>.
    Found 11-bit up counter for signal <Count_Baud>.
    Found 4-bit register for signal <counter>.
    Found 4-bit adder for signal <counter$addsub0000> created at line 98.
    Found 4-bit comparator greatequal for signal <counter$cmp_ge0000> created at line 96.
    Found 4-bit comparator less for signal <counter$cmp_lt0000> created at line 96.
    Found 32-bit register for signal <Data_Reg>.
    Found 1-bit register for signal <OUT_ser_reg>.
    Found 4-bit xor8 for signal <Parity>.
    Found 1-bit register for signal <RST_O>.
    Found 3-bit up counter for signal <State>.
    Found 3-bit comparator greatequal for signal <State$cmp_ge0000> created at line 88.
    Summary:
	inferred   2 Counter(s).
	inferred  42 D-type flip-flop(s).
	inferred   1 Adder/Subtractor(s).
	inferred   3 Comparator(s).
	inferred   9 Multiplexer(s).
	inferred   4 Xor(s).
Unit <Transmitter_Baud> synthesized.


Synthesizing Unit <FJKC_MXILINX_Digital_Filter>.
    Related source file is "Digital_Filter.vf".
Unit <FJKC_MXILINX_Digital_Filter> synthesized.


Synthesizing Unit <Digital_Filter>.
    Related source file is "Digital_Filter.vf".
Unit <Digital_Filter> synthesized.


Synthesizing Unit <Sync_Reciver>.
    Related source file is "Sync_Reciver.v".
    Found 1-bit xor9 for signal <Parity_ERR>.
    Found 1-bit register for signal <Baud_CLK_O>.
    Found 4-bit register for signal <counter>.
    Found 4-bit adder for signal <counter$addsub0000> created at line 76.
    Found 4-bit comparator greatequal for signal <counter$cmp_ge0000> created at line 65.
    Found 4-bit comparator less for signal <counter$cmp_lt0000> created at line 65.
    Found 1-bit register for signal <Data_Ready_R>.
    Found 8-bit register for signal <Data_Reg>.
    Found 1-bit register for signal <Parity_Bit>.
    Found 1-bit register for signal <Serial_IN_O>.
    Found 1-bit register for signal <status>.
    Summary:
	inferred  17 D-type flip-flop(s).
	inferred   1 Adder/Subtractor(s).
	inferred   2 Comparator(s).
	inferred   1 Xor(s).
Unit <Sync_Reciver> synthesized.


Synthesizing Unit <Neeeeew>.
    Related source file is "Neeeeew.v".
WARNING:Xst:647 - Input <Data_Tx> is never used. This port will be preserved and left unconnected if it belongs to a top-level block or it belongs to a sub-block and the hierarchy of this sub-block is preserved.
    Found 3-bit up counter for signal <counter>.
    Found 3-bit comparator less for signal <counter$cmp_lt0000> created at line 90.
    Found 32-bit register for signal <Final_Data_R>.
    Found 1-bit register for signal <Final_Data_Ready_R>.
    Found 3-bit adder for signal <old_counter_1$add0000> created at line 99.
    Summary:
	inferred   1 Counter(s).
	inferred  33 D-type flip-flop(s).
	inferred   1 Adder/Subtractor(s).
	inferred   1 Comparator(s).
Unit <Neeeeew> synthesized.


=========================================================================
HDL Synthesis Report

Macro Statistics
# Adders/Subtractors                                   : 3
 3-bit adder                                           : 1
 4-bit adder                                           : 2
# Counters                                             : 3
 11-bit up counter                                     : 1
 3-bit up counter                                      : 2
# Registers                                            : 86
 1-bit register                                        : 84
 4-bit register                                        : 2
# Comparators                                          : 6
 3-bit comparator greatequal                           : 1
 3-bit comparator less                                 : 1
 4-bit comparator greatequal                           : 2
 4-bit comparator less                                 : 2
# Multiplexers                                         : 9
 1-bit 25-to-1 multiplexer                             : 1
 1-bit 26-to-1 multiplexer                             : 1
 1-bit 27-to-1 multiplexer                             : 1
 1-bit 28-to-1 multiplexer                             : 1
 1-bit 29-to-1 multiplexer                             : 1
 1-bit 30-to-1 multiplexer                             : 1
 1-bit 31-to-1 multiplexer                             : 1
 1-bit 32-to-1 multiplexer                             : 1
 1-bit 4-to-1 multiplexer                              : 1
# Xors                                                 : 5
 1-bit xor8                                            : 4
 1-bit xor9                                            : 1

=========================================================================

=========================================================================
*                       Advanced HDL Synthesis                          *
=========================================================================


=========================================================================
Advanced HDL Synthesis Report

Macro Statistics
# Adders/Subtractors                                   : 3
 3-bit adder                                           : 1
 4-bit adder                                           : 2
# Counters                                             : 3
 11-bit up counter                                     : 1
 3-bit up counter                                      : 2
# Registers                                            : 97
 Flip-Flops                                            : 97
# Comparators                                          : 6
 3-bit comparator greatequal                           : 1
 3-bit comparator less                                 : 1
 4-bit comparator greatequal                           : 2
 4-bit comparator less                                 : 2
# Multiplexers                                         : 9
 1-bit 25-to-1 multiplexer                             : 1
 1-bit 26-to-1 multiplexer                             : 1
 1-bit 27-to-1 multiplexer                             : 1
 1-bit 28-to-1 multiplexer                             : 1
 1-bit 29-to-1 multiplexer                             : 1
 1-bit 30-to-1 multiplexer                             : 1
 1-bit 31-to-1 multiplexer                             : 1
 1-bit 32-to-1 multiplexer                             : 1
 1-bit 4-to-1 multiplexer                              : 1
# Xors                                                 : 5
 1-bit xor8                                            : 4
 1-bit xor9                                            : 1

=========================================================================

=========================================================================
*                         Low Level Synthesis                           *
=========================================================================

Optimizing unit <Neeeeew> ...

Optimizing unit <Transmitter_Baud> ...

Optimizing unit <FJKC_MXILINX_Digital_Filter> ...

Optimizing unit <Digital_Filter> ...

Optimizing unit <Sync_Reciver> ...

Mapping all equations...
Building and optimizing final netlist ...
INFO:Xst:2261 - The FF/Latch <Transmitter/CLK_Baud_O> in Unit <Neeeeew> is equivalent to the following FF/Latch, which will be removed : <Reciever/Baud_CLK_O> 
Found area constraint ratio of 100 (+ 5) on block Neeeeew, actual ratio is 4.

Final Macro Processing ...

=========================================================================
Final Register Report

Macro Statistics
# Registers                                            : 113
 Flip-Flops                                            : 113

=========================================================================

=========================================================================
*                           Partition Report                            *
=========================================================================

Partition Implementation Status
-------------------------------

  No Partitions were found in this design.

-------------------------------

=========================================================================
*                            Final Report                               *
=========================================================================
Final Results
RTL Top Level Output File Name     : Neeeeew.ngr
Top Level Output File Name         : Neeeeew
Output Format                      : NGC
Optimization Goal                  : Speed
Keep Hierarchy                     : No

Design Statistics
# IOs                              : 81

Cell Usage :
# BELS                             : 233
#      AND2B1                      : 1
#      AND3B1                      : 1
#      AND3B2                      : 1
#      AND4                        : 2
#      GND                         : 1
#      INV                         : 10
#      LUT1                        : 10
#      LUT2                        : 10
#      LUT2_D                      : 1
#      LUT2_L                      : 2
#      LUT3                        : 51
#      LUT3_D                      : 3
#      LUT4                        : 73
#      LUT4_L                      : 7
#      MUXCY                       : 10
#      MUXF5                       : 37
#      OR3                         : 1
#      VCC                         : 1
#      XORCY                       : 11
# FlipFlops/Latches                : 113
#      FD                          : 9
#      FDC                         : 1
#      FDE                         : 74
#      FDRE                        : 25
#      FDRSE                       : 1
#      FDSE                        : 3
# Clock Buffers                    : 2
#      BUFG                        : 1
#      BUFGP                       : 1
# IO Buffers                       : 48
#      IBUF                        : 3
#      OBUF                        : 45
=========================================================================

Device utilization summary:
---------------------------

Selected Device : 3s250ecp132-5 

 Number of Slices:                       98  out of   2448     4%  
 Number of Slice Flip Flops:            113  out of   4896     2%  
 Number of 4 input LUTs:                167  out of   4896     3%  
 Number of IOs:                          81
 Number of bonded IOBs:                  49  out of     92    53%  
 Number of GCLKs:                         2  out of     24     8%  

---------------------------
Partition Resource Summary:
---------------------------

  No Partitions were found in this design.

---------------------------


=========================================================================
TIMING REPORT

NOTE: THESE TIMING NUMBERS ARE ONLY A SYNTHESIS ESTIMATE.
      FOR ACCURATE TIMING INFORMATION PLEASE REFER TO THE TRACE REPORT
      GENERATED AFTER PLACE-and-ROUTE.

Clock Information:
------------------
-----------------------------------+------------------------+-------+
Clock Signal                       | Clock buffer(FF name)  | Load  |
-----------------------------------+------------------------+-------+
Reciever/Data_Ready_R1             | BUFG                   | 36    |
CLK                                | BUFGP                  | 77    |
-----------------------------------+------------------------+-------+

Asynchronous Control Signals Information:
----------------------------------------
-----------------------------------+-----------------------------------+-------+
Control Signal                     | Buffer(FF name)                   | Load  |
-----------------------------------+-----------------------------------+-------+
N0(XST_GND:G)                      | NONE(Reciever/UUT/XLXI_11/I_36_32)| 1     |
-----------------------------------+-----------------------------------+-------+

Timing Summary:
---------------
Speed Grade: -5

   Minimum period: 5.204ns (Maximum Frequency: 192.171MHz)
   Minimum input arrival time before clock: 5.438ns
   Maximum output required time after clock: 7.377ns
   Maximum combinational path delay: No path found

Timing Detail:
--------------
All values displayed in nanoseconds (ns)

=========================================================================
Timing constraint: Default period analysis for Clock 'Reciever/Data_Ready_R1'
  Clock period: 3.459ns (frequency: 289.143MHz)
  Total number of paths / destination ports: 118 / 43
-------------------------------------------------------------------------
Delay:               3.459ns (Levels of Logic = 1)
  Source:            counter_2 (FF)
  Destination:       counter_0 (FF)
  Source Clock:      Reciever/Data_Ready_R1 rising
  Destination Clock: Reciever/Data_Ready_R1 rising

  Data Path: counter_2 to counter_0
                                Gate     Net
    Cell:in->out      fanout   Delay   Delay  Logical Name (Net Name)
    ----------------------------------------  ------------
     FDRE:C->Q             6   0.514   0.721  counter_2 (counter_2)
     LUT3:I0->O           12   0.612   0.817  Result<2>11 (Final_Data_R_31_and0000)
     FDRE:R                    0.795          counter_0
    ----------------------------------------
    Total                      3.459ns (1.921ns logic, 1.537ns route)
                                       (55.5% logic, 44.5% route)

=========================================================================
Timing constraint: Default period analysis for Clock 'CLK'
  Clock period: 5.204ns (frequency: 192.171MHz)
  Total number of paths / destination ports: 1283 / 150
-------------------------------------------------------------------------
Delay:               5.204ns (Levels of Logic = 5)
  Source:            Reciever/UUT/XLXI_1 (FF)
  Destination:       Reciever/UUT/XLXI_11/I_36_32 (FF)
  Source Clock:      CLK rising
  Destination Clock: CLK rising

  Data Path: Reciever/UUT/XLXI_1 to Reciever/UUT/XLXI_11/I_36_32
                                Gate     Net
    Cell:in->out      fanout   Delay   Delay  Logical Name (Net Name)
    ----------------------------------------  ------------
     FD:C->Q               3   0.514   0.451  Reciever/UUT/XLXI_1 (Reciever/UUT/XLXN_18)
     INV:I->O              1   0.612   0.357  Reciever/UUT/XLXI_5 (Reciever/UUT/XLXN_14)
     AND4:I0->O            3   0.612   0.451  Reciever/UUT/XLXI_10 (Reciever/UUT/XLXN_27)
     begin scope: 'Reciever/UUT/XLXI_11'
     AND3B2:I1->O          1   0.612   0.357  I_36_37 (A0)
     OR3:I2->O             1   0.612   0.357  I_36_41 (AD)
     FDC:D                     0.268          I_36_32
    ----------------------------------------
    Total                      5.204ns (3.230ns logic, 1.974ns route)
                                       (62.1% logic, 37.9% route)

=========================================================================
Timing constraint: Default OFFSET IN BEFORE for Clock 'CLK'
  Total number of paths / destination ports: 54 / 43
-------------------------------------------------------------------------
Offset:              5.438ns (Levels of Logic = 3)
  Source:            CLR_Rec (PAD)
  Destination:       Transmitter/Count_Baud_10 (FF)
  Destination Clock: CLK rising

  Data Path: CLR_Rec to Transmitter/Count_Baud_10
                                Gate     Net
    Cell:in->out      fanout   Delay   Delay  Logical Name (Net Name)
    ----------------------------------------  ------------
     IBUF:I->O            13   1.106   0.988  CLR_Rec_IBUF (CLR_Rec_IBUF)
     LUT2:I0->O            2   0.612   0.532  Transmitter/CLK_Baud_and00001 (Transmitter/CLK_Baud_and0000)
     LUT4:I0->O           11   0.612   0.793  Transmitter/Count_Baud_or000067 (Transmitter/Count_Baud_or0000)
     FDRE:R                    0.795          Transmitter/Count_Baud_0
    ----------------------------------------
    Total                      5.438ns (3.125ns logic, 2.313ns route)
                                       (57.5% logic, 42.5% route)

=========================================================================
Timing constraint: Default OFFSET OUT AFTER for Clock 'CLK'
  Total number of paths / destination ports: 20 / 12
-------------------------------------------------------------------------
Offset:              7.377ns (Levels of Logic = 4)
  Source:            Reciever/Data_Reg_5 (FF)
  Destination:       parity_err (PAD)
  Source Clock:      CLK rising

  Data Path: Reciever/Data_Reg_5 to parity_err
                                Gate     Net
    Cell:in->out      fanout   Delay   Delay  Logical Name (Net Name)
    ----------------------------------------  ------------
     FDE:C->Q              7   0.514   0.754  Reciever/Data_Reg_5 (Reciever/Data_Reg_5)
     LUT4:I0->O            1   0.612   0.387  Reciever/Mxor_Parity_ERR_xo<0>12 (Reciever/Mxor_Parity_ERR_xo<0>12)
     LUT3:I2->O            1   0.612   0.360  Reciever/Mxor_Parity_ERR_xo<0>14_SW0 (N106)
     LUT4:I3->O            1   0.612   0.357  Reciever/Mxor_Parity_ERR_xo<0>14 (parity_err_OBUF)
     OBUF:I->O                 3.169          parity_err_OBUF (parity_err)
    ----------------------------------------
    Total                      7.377ns (5.519ns logic, 1.858ns route)
                                       (74.8% logic, 25.2% route)

=========================================================================
Timing constraint: Default OFFSET OUT AFTER for Clock 'Reciever/Data_Ready_R1'
  Total number of paths / destination ports: 33 / 33
-------------------------------------------------------------------------
Offset:              4.182ns (Levels of Logic = 1)
  Source:            Final_Data_R_31 (FF)
  Destination:       Final_Data<31> (PAD)
  Source Clock:      Reciever/Data_Ready_R1 rising

  Data Path: Final_Data_R_31 to Final_Data<31>
                                Gate     Net
    Cell:in->out      fanout   Delay   Delay  Logical Name (Net Name)
    ----------------------------------------  ------------
     FDE:C->Q              4   0.514   0.499  Final_Data_R_31 (Final_Data_R_31)
     OBUF:I->O                 3.169          Final_Data_31_OBUF (Final_Data<31>)
    ----------------------------------------
    Total                      4.182ns (3.683ns logic, 0.499ns route)
                                       (88.1% logic, 11.9% route)

=========================================================================


Total REAL time to Xst completion: 6.00 secs
Total CPU time to Xst completion: 5.83 secs
 
--> 

Total memory usage is 307332 kilobytes

Number of errors   :    0 (   0 filtered)
Number of warnings :    1 (   0 filtered)
Number of infos    :    1 (   0 filtered)

