Release 14.2 - xst P.28xd (nt64)
Copyright (c) 1995-2012 Xilinx, Inc.  All rights reserved.
--> Parameter TMPDIR set to xst/projnav.tmp


Total REAL time to Xst completion: 1.00 secs
Total CPU time to Xst completion: 0.94 secs
 
--> Parameter xsthdpdir set to xst


Total REAL time to Xst completion: 1.00 secs
Total CPU time to Xst completion: 0.94 secs
 
--> Reading design: Transmitter_Baud.prj

TABLE OF CONTENTS
  1) Synthesis Options Summary
  2) HDL Compilation
  3) Design Hierarchy Analysis
  4) HDL Analysis
  5) HDL Synthesis
     5.1) HDL Synthesis Report
  6) Advanced HDL Synthesis
     6.1) Advanced HDL Synthesis Report
  7) Low Level Synthesis
  8) Partition Report
  9) Final Report
	9.1) Device utilization summary
	9.2) Partition Resource Summary
	9.3) TIMING REPORT


=========================================================================
*                      Synthesis Options Summary                        *
=========================================================================
---- Source Parameters
Input File Name                    : "Transmitter_Baud.prj"
Input Format                       : mixed
Ignore Synthesis Constraint File   : NO

---- Target Parameters
Output File Name                   : "Transmitter_Baud"
Output Format                      : NGC
Target Device                      : xc3s250e-5-cp132

---- Source Options
Top Module Name                    : Transmitter_Baud
Automatic FSM Extraction           : YES
FSM Encoding Algorithm             : Auto
Safe Implementation                : No
FSM Style                          : LUT
RAM Extraction                     : Yes
RAM Style                          : Auto
ROM Extraction                     : Yes
Mux Style                          : Auto
Decoder Extraction                 : YES
Priority Encoder Extraction        : Yes
Shift Register Extraction          : YES
Logical Shifter Extraction         : YES
XOR Collapsing                     : YES
ROM Style                          : Auto
Mux Extraction                     : Yes
Resource Sharing                   : YES
Asynchronous To Synchronous        : NO
Multiplier Style                   : Auto
Automatic Register Balancing       : No

---- Target Options
Add IO Buffers                     : YES
Global Maximum Fanout              : 500
Add Generic Clock Buffer(BUFG)     : 24
Register Duplication               : YES
Slice Packing                      : YES
Optimize Instantiated Primitives   : NO
Use Clock Enable                   : Yes
Use Synchronous Set                : Yes
Use Synchronous Reset              : Yes
Pack IO Registers into IOBs        : Auto
Equivalent register Removal        : YES

---- General Options
Optimization Goal                  : Speed
Optimization Effort                : 1
Keep Hierarchy                     : No
Netlist Hierarchy                  : As_Optimized
RTL Output                         : Yes
Global Optimization                : AllClockNets
Read Cores                         : YES
Write Timing Constraints           : NO
Cross Clock Analysis               : NO
Hierarchy Separator                : /
Bus Delimiter                      : <>
Case Specifier                     : Maintain
Slice Utilization Ratio            : 100
BRAM Utilization Ratio             : 100
Verilog 2001                       : YES
Auto BRAM Packing                  : NO
Slice Utilization Ratio Delta      : 5

=========================================================================


=========================================================================
*                          HDL Compilation                              *
=========================================================================
Compiling verilog file "transmitter.v" in library work
Module <Transmitter_Baud> compiled
No errors in compilation
Analysis of file <"Transmitter_Baud.prj"> succeeded.
 

=========================================================================
*                     Design Hierarchy Analysis                         *
=========================================================================
Analyzing hierarchy for module <Transmitter_Baud> in library <work>.


=========================================================================
*                            HDL Analysis                               *
=========================================================================
Analyzing top module <Transmitter_Baud>.
Module <Transmitter_Baud> is correct for synthesis.
 

=========================================================================
*                           HDL Synthesis                               *
=========================================================================

Performing bidirectional port resolution...

Synthesizing Unit <Transmitter_Baud>.
    Related source file is "transmitter.v".
    Found 1-bit register for signal <CLK_Baud>.
    Found 1-bit register for signal <CLK_Baud_O>.
    Found 1-bit register for signal <CLR_Flag>.
    Found 1-bit register for signal <CLR_Flag_O>.
    Found 11-bit up counter for signal <Count_Baud>.
    Found 4-bit register for signal <counter>.
    Found 4-bit adder for signal <counter$addsub0000> created at line 98.
    Found 4-bit comparator greatequal for signal <counter$cmp_ge0000> created at line 96.
    Found 4-bit comparator less for signal <counter$cmp_lt0000> created at line 96.
    Found 32-bit register for signal <Data>.
    Found 1-bit register for signal <OUT_ser_reg>.
    Found 4-bit xor8 for signal <Parity>.
    Found 1-bit register for signal <RST_O>.
    Found 3-bit up counter for signal <State>.
    Found 3-bit comparator greatequal for signal <State$cmp_ge0000> created at line 88.
    Summary:
	inferred   2 Counter(s).
	inferred  42 D-type flip-flop(s).
	inferred   1 Adder/Subtractor(s).
	inferred   3 Comparator(s).
	inferred   9 Multiplexer(s).
	inferred   4 Xor(s).
Unit <Transmitter_Baud> synthesized.


=========================================================================
HDL Synthesis Report

Macro Statistics
# Adders/Subtractors                                   : 1
 4-bit adder                                           : 1
# Counters                                             : 2
 11-bit up counter                                     : 1
 3-bit up counter                                      : 1
# Registers                                            : 39
 1-bit register                                        : 38
 4-bit register                                        : 1
# Comparators                                          : 3
 3-bit comparator greatequal                           : 1
 4-bit comparator greatequal                           : 1
 4-bit comparator less                                 : 1
# Multiplexers                                         : 9
 1-bit 25-to-1 multiplexer                             : 1
 1-bit 26-to-1 multiplexer                             : 1
 1-bit 27-to-1 multiplexer                             : 1
 1-bit 28-to-1 multiplexer                             : 1
 1-bit 29-to-1 multiplexer                             : 1
 1-bit 30-to-1 multiplexer                             : 1
 1-bit 31-to-1 multiplexer                             : 1
 1-bit 32-to-1 multiplexer                             : 1
 1-bit 4-to-1 multiplexer                              : 1
# Xors                                                 : 4
 1-bit xor8                                            : 4

=========================================================================

=========================================================================
*                       Advanced HDL Synthesis                          *
=========================================================================


=========================================================================
Advanced HDL Synthesis Report

Macro Statistics
# Adders/Subtractors                                   : 1
 4-bit adder                                           : 1
# Counters                                             : 2
 11-bit up counter                                     : 1
 3-bit up counter                                      : 1
# Registers                                            : 42
 Flip-Flops                                            : 42
# Comparators                                          : 3
 3-bit comparator greatequal                           : 1
 4-bit comparator greatequal                           : 1
 4-bit comparator less                                 : 1
# Multiplexers                                         : 9
 1-bit 25-to-1 multiplexer                             : 1
 1-bit 26-to-1 multiplexer                             : 1
 1-bit 27-to-1 multiplexer                             : 1
 1-bit 28-to-1 multiplexer                             : 1
 1-bit 29-to-1 multiplexer                             : 1
 1-bit 30-to-1 multiplexer                             : 1
 1-bit 31-to-1 multiplexer                             : 1
 1-bit 32-to-1 multiplexer                             : 1
 1-bit 4-to-1 multiplexer                              : 1
# Xors                                                 : 4
 1-bit xor8                                            : 4

=========================================================================

=========================================================================
*                         Low Level Synthesis                           *
=========================================================================

Optimizing unit <Transmitter_Baud> ...

Mapping all equations...
Building and optimizing final netlist ...
Found area constraint ratio of 100 (+ 5) on block Transmitter_Baud, actual ratio is 2.

Final Macro Processing ...

=========================================================================
Final Register Report

Macro Statistics
# Registers                                            : 56
 Flip-Flops                                            : 56

=========================================================================

=========================================================================
*                           Partition Report                            *
=========================================================================

Partition Implementation Status
-------------------------------

  No Partitions were found in this design.

-------------------------------

=========================================================================
*                            Final Report                               *
=========================================================================
Final Results
RTL Top Level Output File Name     : Transmitter_Baud.ngr
Top Level Output File Name         : Transmitter_Baud
Output Format                      : NGC
Optimization Goal                  : Speed
Keep Hierarchy                     : No

Design Statistics
# IOs                              : 5

Cell Usage :
# BELS                             : 130
#      GND                         : 1
#      INV                         : 4
#      LUT1                        : 10
#      LUT2                        : 4
#      LUT2_L                      : 4
#      LUT3                        : 19
#      LUT3_L                      : 1
#      LUT4                        : 52
#      LUT4_D                      : 2
#      LUT4_L                      : 3
#      MUXCY                       : 10
#      MUXF5                       : 8
#      VCC                         : 1
#      XORCY                       : 11
# FlipFlops/Latches                : 56
#      FD                          : 4
#      FDE                         : 32
#      FDRE                        : 17
#      FDSE                        : 3
# Clock Buffers                    : 1
#      BUFGP                       : 1
# IO Buffers                       : 4
#      IBUF                        : 2
#      OBUF                        : 2
=========================================================================

Device utilization summary:
---------------------------

Selected Device : 3s250ecp132-5 

 Number of Slices:                       53  out of   2448     2%  
 Number of Slice Flip Flops:             56  out of   4896     1%  
 Number of 4 input LUTs:                 99  out of   4896     2%  
 Number of IOs:                           5
 Number of bonded IOBs:                   5  out of     92     5%  
 Number of GCLKs:                         1  out of     24     4%  

---------------------------
Partition Resource Summary:
---------------------------

  No Partitions were found in this design.

---------------------------


=========================================================================
TIMING REPORT

NOTE: THESE TIMING NUMBERS ARE ONLY A SYNTHESIS ESTIMATE.
      FOR ACCURATE TIMING INFORMATION PLEASE REFER TO THE TRACE REPORT
      GENERATED AFTER PLACE-and-ROUTE.

Clock Information:
------------------
-----------------------------------+------------------------+-------+
Clock Signal                       | Clock buffer(FF name)  | Load  |
-----------------------------------+------------------------+-------+
CLK                                | BUFGP                  | 56    |
-----------------------------------+------------------------+-------+

Asynchronous Control Signals Information:
----------------------------------------
No asynchronous control signals found in this design

Timing Summary:
---------------
Speed Grade: -5

   Minimum period: 4.555ns (Maximum Frequency: 219.537MHz)
   Minimum input arrival time before clock: 5.140ns
   Maximum output required time after clock: 4.252ns
   Maximum combinational path delay: No path found

Timing Detail:
--------------
All values displayed in nanoseconds (ns)

=========================================================================
Timing constraint: Default period analysis for Clock 'CLK'
  Clock period: 4.555ns (frequency: 219.537MHz)
  Total number of paths / destination ports: 941 / 115
-------------------------------------------------------------------------
Delay:               4.555ns (Levels of Logic = 2)
  Source:            CLR_Flag_O (FF)
  Destination:       Data_2 (FF)
  Source Clock:      CLK rising
  Destination Clock: CLK rising

  Data Path: CLR_Flag_O to Data_2
                                Gate     Net
    Cell:in->out      fanout   Delay   Delay  Logical Name (Net Name)
    ----------------------------------------  ------------
     FD:C->Q               1   0.514   0.509  CLR_Flag_O (CLR_Flag_O)
     LUT2:I0->O           10   0.612   0.753  State_and00001 (State_and0000)
     LUT4:I3->O           30   0.612   1.072  Data_0_not00012 (Data_2_not0001)
     FDE:CE                    0.483          Data_2
    ----------------------------------------
    Total                      4.555ns (2.221ns logic, 2.334ns route)
                                       (48.8% logic, 51.2% route)

=========================================================================
Timing constraint: Default OFFSET IN BEFORE for Clock 'CLK'
  Total number of paths / destination ports: 37 / 26
-------------------------------------------------------------------------
Offset:              5.140ns (Levels of Logic = 3)
  Source:            RST (PAD)
  Destination:       Count_Baud_0 (FF)
  Destination Clock: CLK rising

  Data Path: RST to Count_Baud_0
                                Gate     Net
    Cell:in->out      fanout   Delay   Delay  Logical Name (Net Name)
    ----------------------------------------  ------------
     IBUF:I->O             5   1.106   0.690  RST_IBUF (RST_IBUF)
     LUT2:I0->O            2   0.612   0.532  CLK_Baud_and00001 (CLK_Baud_and0000)
     LUT4:I0->O           11   0.612   0.793  Count_Baud_or000067 (Count_Baud_or0000)
     FDRE:R                    0.795          Count_Baud_0
    ----------------------------------------
    Total                      5.140ns (3.125ns logic, 2.015ns route)
                                       (60.8% logic, 39.2% route)

=========================================================================
Timing constraint: Default OFFSET OUT AFTER for Clock 'CLK'
  Total number of paths / destination ports: 2 / 2
-------------------------------------------------------------------------
Offset:              4.252ns (Levels of Logic = 1)
  Source:            CLK_Baud (FF)
  Destination:       CLK_Baud (PAD)
  Source Clock:      CLK rising

  Data Path: CLK_Baud to CLK_Baud
                                Gate     Net
    Cell:in->out      fanout   Delay   Delay  Logical Name (Net Name)
    ----------------------------------------  ------------
     FDRE:C->Q             6   0.514   0.569  CLK_Baud (CLK_Baud_OBUF)
     OBUF:I->O                 3.169          CLK_Baud_OBUF (CLK_Baud)
    ----------------------------------------
    Total                      4.252ns (3.683ns logic, 0.569ns route)
                                       (86.6% logic, 13.4% route)

=========================================================================


Total REAL time to Xst completion: 7.00 secs
Total CPU time to Xst completion: 6.99 secs
 
--> 

Total memory usage is 307308 kilobytes

Number of errors   :    0 (   0 filtered)
Number of warnings :    0 (   0 filtered)
Number of infos    :    0 (   0 filtered)

